e:\users\k_mce\uni\3rd year\algorithmsandcollections\coursework\university---algorithms-and-collections---funko-app\funkoapp\debug\vc141.pdb
e:\users\k_mce\uni\3rd year\algorithmsandcollections\coursework\university---algorithms-and-collections---funko-app\funkoapp\debug\vc141.idb
e:\users\k_mce\uni\3rd year\algorithmsandcollections\coursework\university---algorithms-and-collections---funko-app\funkoapp\debug\user.nativecodeanalysis.xml
e:\users\k_mce\uni\3rd year\algorithmsandcollections\coursework\university---algorithms-and-collections---funko-app\funkoapp\debug\registereduser.nativecodeanalysis.xml
e:\users\k_mce\uni\3rd year\algorithmsandcollections\coursework\university---algorithms-and-collections---funko-app\funkoapp\debug\main.nativecodeanalysis.xml
e:\users\k_mce\uni\3rd year\algorithmsandcollections\coursework\university---algorithms-and-collections---funko-app\funkoapp\debug\hash.nativecodeanalysis.xml
e:\users\k_mce\uni\3rd year\algorithmsandcollections\coursework\university---algorithms-and-collections---funko-app\funkoapp\debug\guestuser.nativecodeanalysis.xml
e:\users\k_mce\uni\3rd year\algorithmsandcollections\coursework\university---algorithms-and-collections---funko-app\funkoapp\debug\encryptionparse.nativecodeanalysis.xml
e:\users\k_mce\uni\3rd year\algorithmsandcollections\coursework\university---algorithms-and-collections---funko-app\funkoapp\debug\encryptionparse.obj
e:\users\k_mce\uni\3rd year\algorithmsandcollections\coursework\university---algorithms-and-collections---funko-app\funkoapp\debug\guestuser.obj
e:\users\k_mce\uni\3rd year\algorithmsandcollections\coursework\university---algorithms-and-collections---funko-app\funkoapp\debug\hash.obj
e:\users\k_mce\uni\3rd year\algorithmsandcollections\coursework\university---algorithms-and-collections---funko-app\funkoapp\debug\main.obj
e:\users\k_mce\uni\3rd year\algorithmsandcollections\coursework\university---algorithms-and-collections---funko-app\funkoapp\debug\registereduser.obj
e:\users\k_mce\uni\3rd year\algorithmsandcollections\coursework\university---algorithms-and-collections---funko-app\funkoapp\debug\user.obj
e:\users\k_mce\uni\3rd year\algorithmsandcollections\coursework\university---algorithms-and-collections---funko-app\funkoapp\debug\nativecodeanalysis.read.1.tlog
e:\users\k_mce\uni\3rd year\algorithmsandcollections\coursework\university---algorithms-and-collections---funko-app\funkoapp\debug\vc.nativecodeanalysis.all.xml
e:\users\k_mce\uni\3rd year\algorithmsandcollections\coursework\university---algorithms-and-collections---funko-app\debug\funkoapp.pdb
e:\users\k_mce\uni\3rd year\algorithmsandcollections\coursework\university---algorithms-and-collections---funko-app\debug\funkoapp.exe.lastcodeanalysissucceeded
e:\users\k_mce\uni\3rd year\algorithmsandcollections\coursework\university---algorithms-and-collections---funko-app\funkoapp\debug\funkoapp.tlog\cl.command.1.tlog
e:\users\k_mce\uni\3rd year\algorithmsandcollections\coursework\university---algorithms-and-collections---funko-app\funkoapp\debug\funkoapp.tlog\cl.read.1.tlog
e:\users\k_mce\uni\3rd year\algorithmsandcollections\coursework\university---algorithms-and-collections---funko-app\funkoapp\debug\funkoapp.tlog\cl.write.1.tlog
e:\users\k_mce\uni\3rd year\algorithmsandcollections\coursework\university---algorithms-and-collections---funko-app\funkoapp\debug\funkoapp.tlog\link-cvtres.read.1.tlog
e:\users\k_mce\uni\3rd year\algorithmsandcollections\coursework\university---algorithms-and-collections---funko-app\funkoapp\debug\funkoapp.tlog\link-cvtres.write.1.tlog
e:\users\k_mce\uni\3rd year\algorithmsandcollections\coursework\university---algorithms-and-collections---funko-app\funkoapp\debug\funkoapp.tlog\link-rc.read.1.tlog
e:\users\k_mce\uni\3rd year\algorithmsandcollections\coursework\university---algorithms-and-collections---funko-app\funkoapp\debug\funkoapp.tlog\link-rc.write.1.tlog
e:\users\k_mce\uni\3rd year\algorithmsandcollections\coursework\university---algorithms-and-collections---funko-app\funkoapp\debug\funkoapp.tlog\link.command.1.tlog
e:\users\k_mce\uni\3rd year\algorithmsandcollections\coursework\university---algorithms-and-collections---funko-app\funkoapp\debug\funkoapp.tlog\link.read.1.tlog
e:\users\k_mce\uni\3rd year\algorithmsandcollections\coursework\university---algorithms-and-collections---funko-app\funkoapp\debug\funkoapp.tlog\link.write.1.tlog
